<?xml version="1.0" encoding="UTF-8"?>
<testng-results ignored="0" total="1" passed="1" failed="0" skipped="0">
  <reporter-output>
  </reporter-output>
  <suite started-at="2022-08-16T09:18:20 WAT" name="Default suite" finished-at="2022-08-16T09:18:34 WAT" duration-ms="14493">
    <groups>
    </groups>
    <test started-at="2022-08-16T09:18:20 WAT" name="Default test" finished-at="2022-08-16T09:18:34 WAT" duration-ms="14493">
      <class name="com.MyStore.TestCases.IndexPageTest">
        <test-method is-config="true" signature="loadConfig()[pri:0, instance:com.MyStore.TestCases.IndexPageTest@290222c1]" started-at="2022-08-16T09:18:20 WAT" name="loadConfig" finished-at="2022-08-16T09:18:20 WAT" duration-ms="7" status="PASS">
          <reporter-output>
          </reporter-output>
        </test-method> <!-- loadConfig -->
        <test-method is-config="true" signature="setup()[pri:0, instance:com.MyStore.TestCases.IndexPageTest@290222c1]" started-at="2022-08-16T09:18:20 WAT" name="setup" finished-at="2022-08-16T09:18:34 WAT" duration-ms="13909" status="PASS">
          <reporter-output>
          </reporter-output>
        </test-method> <!-- setup -->
        <test-method signature="VerifyLogo()[pri:0, instance:com.MyStore.TestCases.IndexPageTest@290222c1]" started-at="2022-08-16T09:18:34 WAT" name="VerifyLogo" finished-at="2022-08-16T09:18:34 WAT" duration-ms="139" status="PASS">
          <reporter-output>
          </reporter-output>
        </test-method> <!-- VerifyLogo -->
        <test-method is-config="true" signature="TearDown()[pri:0, instance:com.MyStore.TestCases.IndexPageTest@290222c1]" started-at="2022-08-16T09:18:34 WAT" name="TearDown" finished-at="2022-08-16T09:18:34 WAT" duration-ms="401" status="PASS">
          <reporter-output>
          </reporter-output>
        </test-method> <!-- TearDown -->
      </class> <!-- com.MyStore.TestCases.IndexPageTest -->
    </test> <!-- Default test -->
  </suite> <!-- Default suite -->
</testng-results>
